<?xml version="1.0" encoding="utf-8"?><testsuites name="pytest tests"><testsuite name="pytest" errors="0" failures="0" skipped="0" tests="5" time="3.211" timestamp="2026-09-12T13:25:34.869455+00:00" hostname="agent-env-a58e29e4-b933-42ad-bc57-a163f74143ee"><testcase classname="tests.build1_gates_test" name="test_bug1_mfa_enroll_and_login" time="1.244" /><testcase classname="tests.build1_gates_test" name="test_bug2_lockout_5_fails_then_429" time="0.469" /><testcase classname="tests.build1_gates_test" name="test_gate_full_flow_buyer_forbidden_and_dual_approval" time="0.587" /><testcase classname="tests.build1_gates_test" name="test_gate_tenant_isolation_idor" time="0.168" /><testcase classname="tests.build1_gates_test" name="test_gate_priv_escalation_and_tampered_token" time="0.087" /></testsuite></testsuites>