<?xml version="1.0" encoding="utf-8"?><testsuites name="pytest tests"><testsuite name="pytest" errors="0" failures="0" skipped="0" tests="15" time="3.983" timestamp="2026-09-12T14:27:07.873049+00:00" hostname="agent-env-a58e29e4-b933-42ad-bc57-a163f74143ee"><testcase classname="tests.build2_catalog_gates.TestValidation" name="test_conversion_factor_zero_400" time="0.427" /><testcase classname="tests.build2_catalog_gates.TestCatalogSearch" name="test_search_eustoma_returns_lisianthus_alias" time="0.418" /><testcase classname="tests.build2_catalog_gates.TestCatalogSearch" name="test_search_statice_returns_limonium" time="0.120" /><testcase classname="tests.build2_catalog_gates.TestValidation" name="test_conversion_same_uom_400" time="0.162" /><testcase classname="tests.build2_catalog_gates.TestCatalogProducts" name="test_list_products_seeded_demo" time="0.121" /><testcase classname="tests.build2_catalog_gates.TestValidation" name="test_grade_profile_unknown_attribute_400" time="0.238" /><testcase classname="tests.build2_catalog_gates.TestCatalogProducts" name="test_product_detail_shape" time="0.300" /><testcase classname="tests.build2_catalog_gates.TestValidation" name="test_handling_profile_temp_min_gt_max_400" time="0.340" /><testcase classname="tests.build2_catalog_gates.TestValidation" name="test_categories_whitelist_bogusfield_400" time="0.123" /><testcase classname="tests.build2_catalog_gates.TestCapabilities" name="test_grower_can_post_capability" time="0.757" /><testcase classname="tests.build2_catalog_gates.TestBuyerAuthz" name="test_buyer_can_read_products" time="0.453" /><testcase classname="tests.build2_catalog_gates.TestBuyerAuthz" name="test_buyer_cannot_write_admin_products" time="0.157" /><testcase classname="tests.build2_catalog_gates" name="test_health" time="0.195" /><testcase classname="tests.build2_catalog_gates.TestCapabilities" name="test_buyer_cannot_post_capability" time="0.756" /><testcase classname="tests.build2_catalog_gates.TestVersioning" name="test_grade_profile_versioning_and_overlap" time="0.691" /></testsuite></testsuites>