<?xml version="1.0" encoding="utf-8"?><testsuites name="pytest tests"><testsuite name="pytest" errors="0" failures="0" skipped="0" tests="15" time="3.863" timestamp="2026-09-12T14:56:34.872414+00:00" hostname="agent-env-a58e29e4-b933-42ad-bc57-a163f74143ee"><testcase classname="tests.build2_catalog_gates.TestValidation" name="test_conversion_factor_zero_400" time="0.486" /><testcase classname="tests.build2_catalog_gates.TestCatalogSearch" name="test_search_eustoma_returns_lisianthus_alias" time="0.482" /><testcase classname="tests.build2_catalog_gates.TestCatalogSearch" name="test_search_statice_returns_limonium" time="0.122" /><testcase classname="tests.build2_catalog_gates.TestValidation" name="test_conversion_same_uom_400" time="0.156" /><testcase classname="tests.build2_catalog_gates.TestCatalogProducts" name="test_list_products_seeded_demo" time="0.130" /><testcase classname="tests.build2_catalog_gates.TestValidation" name="test_grade_profile_unknown_attribute_400" time="0.263" /><testcase classname="tests.build2_catalog_gates.TestCatalogProducts" name="test_product_detail_shape" time="0.295" /><testcase classname="tests.build2_catalog_gates.TestValidation" name="test_handling_profile_temp_min_gt_max_400" time="0.244" /><testcase classname="tests.build2_catalog_gates.TestValidation" name="test_categories_whitelist_bogusfield_400" time="0.143" /><testcase classname="tests.build2_catalog_gates.TestCapabilities" name="test_grower_can_post_capability" time="0.741" /><testcase classname="tests.build2_catalog_gates.TestBuyerAuthz" name="test_buyer_can_read_products" time="0.450" /><testcase classname="tests.build2_catalog_gates.TestBuyerAuthz" name="test_buyer_cannot_write_admin_products" time="0.121" /><testcase classname="tests.build2_catalog_gates" name="test_health" time="0.160" /><testcase classname="tests.build2_catalog_gates.TestCapabilities" name="test_buyer_cannot_post_capability" time="0.684" /><testcase classname="tests.build2_catalog_gates.TestVersioning" name="test_grade_profile_versioning_and_overlap" time="0.649" /></testsuite></testsuites>