<?xml version="1.0" encoding="utf-8"?><testsuites name="pytest tests"><testsuite name="pytest" errors="0" failures="0" skipped="0" tests="7" time="1.656" timestamp="2026-09-12T14:59:51.719791+00:00" hostname="agent-env-a58e29e4-b933-42ad-bc57-a163f74143ee"><testcase classname="tests.prebuild3_http_gate" name="test_commercial_line_missing_uom_returns_400" time="0.504" /><testcase classname="tests.prebuild3_http_gate" name="test_commercial_line_valid_uom_returns_201" time="0.157" /><testcase classname="tests.prebuild3_http_gate" name="test_request_validation_transitions_to_pending" time="0.154" /><testcase classname="tests.prebuild3_http_gate" name="test_self_approval_blocked_403" time="0.120" /><testcase classname="tests.prebuild3_http_gate" name="test_second_reviewer_validates" time="0.350" /><testcase classname="tests.prebuild3_http_gate" name="test_commercial_check_usable_after_validation" time="0.123" /><testcase classname="tests.prebuild3_http_gate" name="test_normalize_preview_rose_bunch_to_stem" time="0.172" /></testsuite></testsuites>