<?xml version="1.0" encoding="utf-8"?><testsuites name="pytest tests"><testsuite name="pytest" errors="0" failures="0" skipped="0" tests="5" time="1.700" timestamp="2026-09-12T11:40:15.942970+00:00" hostname="agent-env-a58e29e4-b933-42ad-bc57-a163f74143ee"><testcase classname="tests.backend_test" name="test_health_ok" time="0.161" /><testcase classname="tests.backend_test" name="test_unauth_returns_401_envelope" time="0.071" /><testcase classname="tests.backend_test" name="test_forbidden_when_missing_permission" time="0.126" /><testcase classname="tests.backend_test" name="test_idempotency_replay_and_conflict" time="0.324" /><testcase classname="tests.backend_test" name="test_tenant_isolation" time="0.370" /></testsuite></testsuites>